
Thu, 11 Jul 2019 19:46:38 GMT - Info - Server is running on port: 3000
Thu, 11 Jul 2019 19:50:59 GMT - Info - Server is running on port: 3000
Thu, 11 Jul 2019 19:52:56 GMT - Info - Server is running on port: 3000
Thu, 11 Jul 2019 20:05:07 GMT - Info - Server is running on port: 3000
Thu, 11 Jul 2019 20:08:14 GMT - Info - Server is running on port: 3000
Thu, 11 Jul 2019 20:09:03 GMT - Info - Server is running on port: 3000
Thu, 11 Jul 2019 20:11:26 GMT - Info - Server is running on port: 3000
Thu, 11 Jul 2019 20:18:47 GMT - Info - Server is running on port: 3000
Thu, 11 Jul 2019 20:18:55 GMT - Info - Server is running on port: 3000
Thu, 11 Jul 2019 20:19:19 GMT - Info - Server is running on port: 3000
Thu, 11 Jul 2019 20:19:28 GMT - Info - Server is running on port: 3000
Thu, 11 Jul 2019 20:20:21 GMT - Info - Server is running on port: 3000
Thu, 11 Jul 2019 20:21:38 GMT - Info - Server is running on port: 3000
Thu, 11 Jul 2019 20:29:05 GMT - Info - Server is running on port: 3000
Thu, 11 Jul 2019 20:29:23 GMT - Info - Server is running on port: 3000
Thu, 11 Jul 2019 20:29:41 GMT - Info - Server is running on port: 3000
Thu, 11 Jul 2019 20:30:08 GMT - Info - Server is running on port: 3000
Thu, 11 Jul 2019 20:30:19 GMT - Info - Server is running on port: 3000
Thu, 11 Jul 2019 20:30:46 GMT - Info - Server is running on port: 3000
Thu, 11 Jul 2019 20:31:20 GMT - Info - Server is running on port: 3000
Thu, 11 Jul 2019 20:32:11 GMT - Info - Server is running on port: 3000
Thu, 11 Jul 2019 20:38:09 GMT - Info - Server is running on port: 3000
Thu, 11 Jul 2019 20:38:50 GMT - Info - Server is running on port: 3000
Thu, 11 Jul 2019 20:39:21 GMT - Info - Server is running on port: 3000
Thu, 11 Jul 2019 20:39:24 GMT - Info - Server is running on port: 3000
Fri, 12 Jul 2019 08:07:11 GMT - Info - Server is running on port: 3000
Fri, 12 Jul 2019 08:09:17 GMT - Info - Server is running on port: 3000
Fri, 12 Jul 2019 08:15:21 GMT - Info - Server is running on port: 3000
Fri, 12 Jul 2019 08:15:46 GMT - Info - Server is running on port: 3000
Fri, 12 Jul 2019 08:16:02 GMT - Info - Server is running on port: 3000
Fri, 12 Jul 2019 08:17:54 GMT - Info - Server is running on port: 3000
Fri, 12 Jul 2019 08:20:58 GMT - Info - Server is running on port: 3000
Fri, 12 Jul 2019 08:21:03 GMT - Info - Server is running on port: 3000
Fri, 12 Jul 2019 08:22:10 GMT - Info - Server is running on port: 3000
Fri, 12 Jul 2019 08:23:06 GMT - Info - Server is running on port: 3000
Fri, 12 Jul 2019 08:28:39 GMT - Info - Server is running on port: 3000
Fri, 12 Jul 2019 08:29:03 GMT - Info - Server is running on port: 3000
Fri, 12 Jul 2019 08:29:06 GMT - Info - Server is running on port: 3000
Fri, 12 Jul 2019 08:36:02 GMT - Info - Server is running on port: 3000
Fri, 12 Jul 2019 08:37:59 GMT - Info - Server is running on port: 3000
Fri, 12 Jul 2019 08:38:03 GMT - Info - Server is running on port: 3000
Fri, 12 Jul 2019 08:39:52 GMT - Info - Server is running on port: 3000
Fri, 12 Jul 2019 08:46:25 GMT - Info - Server is running on port: 3000
Fri, 12 Jul 2019 08:46:36 GMT - Info - Server is running on port: 3000
Fri, 12 Jul 2019 08:47:59 GMT - Info - Server is running on port: 3000
Fri, 12 Jul 2019 08:49:51 GMT - Info - Server is running on port: 3000
Fri, 12 Jul 2019 08:50:17 GMT - Info - Server is running on port: 3000
Fri, 12 Jul 2019 08:57:18 GMT - Info - Server is running on port: 3000
Fri, 12 Jul 2019 09:33:28 GMT - Info - Server is running on port: 3000
Fri, 12 Jul 2019 11:39:39 GMT - Info - Server is running on port: 3000
Fri, 12 Jul 2019 11:40:56 GMT - Info - Server is running on port: 3000
Fri, 12 Jul 2019 11:41:31 GMT - Info - Server is running on port: 3000
Fri, 12 Jul 2019 11:42:15 GMT - Info - Server is running on port: 3000
Fri, 12 Jul 2019 13:51:24 GMT - Info - Server is running on port: 3000
Fri, 12 Jul 2019 13:51:57 GMT - Info - Server is running on port: 3000
Fri, 12 Jul 2019 14:00:29 GMT - Info - Server is running on port: 3000
Fri, 12 Jul 2019 14:00:56 GMT - Info - Server is running on port: 3000
Fri, 12 Jul 2019 14:02:38 GMT - Info - Server is running on port: 3000
Fri, 12 Jul 2019 14:04:57 GMT - Info - Server is running on port: 3000
Fri, 12 Jul 2019 14:10:33 GMT - Info - Server is running on port: 3000
Fri, 12 Jul 2019 14:12:31 GMT - Info - Server is running on port: 3000
Fri, 12 Jul 2019 14:13:34 GMT - Info - Server is running on port: 3000
Fri, 12 Jul 2019 14:13:40 GMT - Info - Server is running on port: 3000
Fri, 12 Jul 2019 14:13:49 GMT - Info - Server is running on port: 3000
Fri, 12 Jul 2019 14:13:59 GMT - Info - Server is running on port: 3000
Fri, 12 Jul 2019 14:14:07 GMT - Info - Server is running on port: 3000
Fri, 12 Jul 2019 14:15:25 GMT - Info - Server is running on port: 3000
Fri, 12 Jul 2019 14:15:40 GMT - Info - Server is running on port: 3000
Fri, 12 Jul 2019 14:20:48 GMT - Info - Server is running on port: 3000
Fri, 12 Jul 2019 14:22:48 GMT - Info - Server is running on port: 3000
Fri, 12 Jul 2019 14:22:59 GMT - Info - Server is running on port: 3000
Fri, 12 Jul 2019 14:26:47 GMT - Info - Server is running on port: 3000
Fri, 12 Jul 2019 14:31:38 GMT - Info - Server is running on port: 3000
Sat, 13 Jul 2019 08:29:54 GMT - Info - Server is running on port: 3000
Sat, 13 Jul 2019 09:21:49 GMT - Info - Server is running on port: 3000
Sat, 13 Jul 2019 09:23:04 GMT - Info - Server is running on port: 3000
Sat, 13 Jul 2019 09:45:48 GMT - Info - Server is running on port: 3000
Sat, 13 Jul 2019 09:46:30 GMT - Info - Server is running on port: 3000
Sat, 13 Jul 2019 09:49:38 GMT - Info - Server is running on port: 3000
Sat, 13 Jul 2019 09:50:09 GMT - Info - Server is running on port: 3000
Sat, 13 Jul 2019 09:50:33 GMT - Info - Server is running on port: 3000
Sat, 13 Jul 2019 09:51:10 GMT - Info - Server is running on port: 3000
Sat, 13 Jul 2019 09:51:16 GMT - Info - Server is running on port: 3000
Sat, 13 Jul 2019 09:52:15 GMT - Info - Server is running on port: 3000
Sat, 13 Jul 2019 09:52:58 GMT - Info - Server is running on port: 3000
Sat, 13 Jul 2019 09:54:11 GMT - Info - Server is running on port: 3000
Sat, 13 Jul 2019 09:55:09 GMT - Info - Server is running on port: 3000
Sat, 13 Jul 2019 09:55:17 GMT - Info - Server is running on port: 3000
Sat, 13 Jul 2019 09:58:36 GMT - Info - Server is running on port: 3000
Sat, 13 Jul 2019 10:01:14 GMT - Info - Server is running on port: 3000
Sat, 13 Jul 2019 10:01:27 GMT - Info - Server is running on port: 3000
Sat, 13 Jul 2019 10:08:22 GMT - Info - Server is running on port: 3000
Sat, 13 Jul 2019 11:59:36 GMT - Info - Server is running on port: 3000
Sat, 13 Jul 2019 12:26:17 GMT - Info - Server is running on port: 3000
Sat, 13 Jul 2019 12:35:42 GMT - Info - Server is running on port: 3000
Sat, 13 Jul 2019 12:37:33 GMT - Info - Server is running on port: 3000
Sat, 13 Jul 2019 15:22:42 GMT - Info - Server is running on port: 3000
Sat, 13 Jul 2019 16:44:53 GMT - Info - Server is running on port: 3000
Sat, 13 Jul 2019 18:10:20 GMT - Info - Server is running on port: 3000
Sat, 13 Jul 2019 19:37:07 GMT - Info - Server is running on port: 3000
Sat, 13 Jul 2019 19:49:39 GMT - Info - Server is running on port: 3000
Sat, 13 Jul 2019 20:57:34 GMT - Info - Server is running on port: 3000
Sat, 13 Jul 2019 21:03:16 GMT - Info - Server is running on port: 3000
Sat, 13 Jul 2019 21:05:10 GMT - Info - Server is running on port: 3000
Sat, 13 Jul 2019 21:07:24 GMT - Info - Server is running on port: 3000
Sat, 13 Jul 2019 21:09:14 GMT - Info - Server is running on port: 3000
Sat, 13 Jul 2019 21:11:57 GMT - Info - Server is running on port: 3000
Sat, 13 Jul 2019 21:12:15 GMT - Info - Server is running on port: 3000
Sat, 13 Jul 2019 21:13:28 GMT - Info - Server is running on port: 3000
Sat, 13 Jul 2019 21:13:55 GMT - Info - Server is running on port: 3000
Sat, 13 Jul 2019 21:14:21 GMT - Info - Server is running on port: 3000
Sat, 13 Jul 2019 21:14:30 GMT - Info - Server is running on port: 3000
Sat, 13 Jul 2019 21:14:37 GMT - Info - Server is running on port: 3000
Sat, 13 Jul 2019 21:14:51 GMT - Info - Server is running on port: 3000
Sat, 13 Jul 2019 21:15:10 GMT - Info - Server is running on port: 3000
Sat, 13 Jul 2019 21:20:04 GMT - Info - Server is running on port: 3000
Sat, 13 Jul 2019 21:23:14 GMT - Info - Server is running on port: 3000
Sat, 13 Jul 2019 21:24:18 GMT - Info - Server is running on port: 3000
Sat, 13 Jul 2019 21:27:05 GMT - Info - Server is running on port: 3000
Sat, 13 Jul 2019 21:28:25 GMT - Info - Server is running on port: 3000
Sat, 13 Jul 2019 21:28:45 GMT - Info - Server is running on port: 3000
Sat, 13 Jul 2019 21:29:56 GMT - Info - Server is running on port: 3000
Sat, 13 Jul 2019 21:32:15 GMT - Info - Server is running on port: 3000
Sat, 13 Jul 2019 21:32:16 GMT - Info - Server is running on port: 3000
Sun, 14 Jul 2019 05:09:45 GMT - Info - Server is running on port: 3000
Sun, 14 Jul 2019 05:21:01 GMT - Info - Server is running on port: 3000
Sun, 14 Jul 2019 05:21:05 GMT - Info - Server is running on port: 3000
Sun, 14 Jul 2019 05:31:20 GMT - Info - Server is running on port: 3000
Sun, 14 Jul 2019 05:55:06 GMT - Info - Server is running on port: 3000
Sun, 14 Jul 2019 05:56:42 GMT - Info - Server is running on port: 3000
Sun, 14 Jul 2019 05:58:14 GMT - Info - Server is running on port: 3000
Sun, 14 Jul 2019 05:58:18 GMT - Info - Server is running on port: 3000
Sun, 14 Jul 2019 05:59:00 GMT - Info - Server is running on port: 3000
Sun, 14 Jul 2019 06:02:36 GMT - Info - Server is running on port: 3000
Sun, 14 Jul 2019 06:14:16 GMT - Info - Server is running on port: 3000
Sun, 14 Jul 2019 06:20:41 GMT - Info - Server is running on port: 3000
Sun, 14 Jul 2019 06:22:51 GMT - Info - Server is running on port: 3000
Sun, 14 Jul 2019 06:25:14 GMT - Info - Server is running on port: 3000
Sun, 14 Jul 2019 06:28:36 GMT - Info - Server is running on port: 3000
Sun, 14 Jul 2019 06:59:47 GMT - Info - Server is running on port: 3000
Sun, 14 Jul 2019 07:01:14 GMT - Info - Server is running on port: 3000
Sun, 14 Jul 2019 07:04:49 GMT - Info - Server is running on port: 3000
Sun, 14 Jul 2019 07:16:12 GMT - Info - Server is running on port: 3000
Sun, 14 Jul 2019 07:16:17 GMT - Info - Server is running on port: 3000
Sun, 14 Jul 2019 07:20:10 GMT - Info - Server is running on port: 3000
Sun, 14 Jul 2019 07:27:20 GMT - Info - Server is running on port: 3000
Sun, 14 Jul 2019 07:29:23 GMT - Info - Server is running on port: 3000
Sun, 14 Jul 2019 07:31:58 GMT - Info - Server is running on port: 3000
Sun, 14 Jul 2019 07:33:12 GMT - Info - Server is running on port: 3000
Sun, 14 Jul 2019 07:34:56 GMT - Info - Server is running on port: 3000
Sun, 14 Jul 2019 07:38:39 GMT - Info - Server is running on port: 3000
Sun, 14 Jul 2019 07:39:13 GMT - Info - Server is running on port: 3000
Sun, 14 Jul 2019 07:40:36 GMT - Info - Server is running on port: 3000
Sun, 14 Jul 2019 07:41:13 GMT - Info - Server is running on port: 3000
Sun, 14 Jul 2019 07:41:30 GMT - Info - Server is running on port: 3000
Sun, 14 Jul 2019 09:08:03 GMT - Info - Server is running on port: 3000
Sun, 14 Jul 2019 09:12:00 GMT - Info - Server is running on port: 3000
Sun, 14 Jul 2019 09:12:16 GMT - Info - Server is running on port: 3000
Sun, 14 Jul 2019 09:12:20 GMT - Info - Server is running on port: 3000
Sun, 14 Jul 2019 09:12:22 GMT - Info - Server is running on port: 3000
Sun, 14 Jul 2019 09:14:26 GMT - Info - Server is running on port: 3000
Sun, 14 Jul 2019 09:16:10 GMT - Info - Server is running on port: 3000
Sun, 14 Jul 2019 09:16:42 GMT - Info - Server is running on port: 3000
Sun, 14 Jul 2019 09:19:34 GMT - Info - Server is running on port: 3000
Sun, 14 Jul 2019 09:19:40 GMT - Info - Server is running on port: 3000
Sun, 14 Jul 2019 09:19:50 GMT - Info - Server is running on port: 3000
Sun, 14 Jul 2019 09:19:59 GMT - Info - Server is running on port: 3000
Sun, 14 Jul 2019 10:02:35 GMT - Info - Server is running on port: 3000
Sun, 14 Jul 2019 10:13:16 GMT - Info - Server is running on port: 3000
Sun, 14 Jul 2019 10:13:24 GMT - Info - Server is running on port: 3000
Sun, 14 Jul 2019 10:14:30 GMT - Info - Server is running on port: 3000
Sun, 14 Jul 2019 10:22:20 GMT - Info - Server is running on port: 3000
Sun, 14 Jul 2019 10:36:47 GMT - Info - Server is running on port: 3000
Sun, 14 Jul 2019 10:57:10 GMT - Info - Server is running on port: 3000
Sun, 14 Jul 2019 10:57:25 GMT - Info - Server is running on port: 3000
Sun, 14 Jul 2019 10:59:34 GMT - Info - Server is running on port: 3000
Sun, 14 Jul 2019 10:59:42 GMT - Info - Server is running on port: 3000
Sun, 14 Jul 2019 10:59:50 GMT - Info - Server is running on port: 3000
Sun, 14 Jul 2019 10:59:52 GMT - Info - Server is running on port: 3000
Sun, 14 Jul 2019 10:59:58 GMT - Info - Server is running on port: 3000
Sun, 14 Jul 2019 13:04:24 GMT - Info - Server is running on port: 3000
Sun, 14 Jul 2019 13:06:22 GMT - Info - Server is running on port: 3000
Sun, 14 Jul 2019 13:11:54 GMT - Info - Server is running on port: 3000
Sun, 14 Jul 2019 13:12:10 GMT - Info - Server is running on port: 3000
Sun, 14 Jul 2019 13:12:39 GMT - Info - Server is running on port: 3000
Sun, 14 Jul 2019 13:18:53 GMT - Info - Server is running on port: 3000
Sun, 14 Jul 2019 13:27:08 GMT - Info - Server is running on port: 3000
Sun, 14 Jul 2019 13:30:14 GMT - Info - Server is running on port: 3000
Sun, 14 Jul 2019 13:30:17 GMT - Info - Server is running on port: 3000
Sun, 14 Jul 2019 13:32:37 GMT - Info - Server is running on port: 3000
Sun, 14 Jul 2019 13:32:43 GMT - Info - Server is running on port: 3000
Sun, 14 Jul 2019 13:42:31 GMT - Info - Server is running on port: 3000
Sun, 14 Jul 2019 13:44:06 GMT - Info - Server is running on port: 3000
Sun, 14 Jul 2019 13:44:23 GMT - Info - Server is running on port: 3000
Sun, 14 Jul 2019 13:53:13 GMT - Info - Server is running on port: 3000
Sun, 14 Jul 2019 14:05:11 GMT - Info - Server is running on port: 3000
Sun, 14 Jul 2019 14:09:05 GMT - Info - Server is running on port: 3000
Sun, 14 Jul 2019 14:10:54 GMT - Info - Server is running on port: 3000
Sun, 14 Jul 2019 14:12:13 GMT - Info - Server is running on port: 3000
Sun, 14 Jul 2019 14:14:43 GMT - Info - Server is running on port: 3000
Sun, 14 Jul 2019 14:15:09 GMT - Info - Server is running on port: 3000
Sun, 14 Jul 2019 14:15:42 GMT - Info - Server is running on port: 3000
Sun, 14 Jul 2019 14:15:46 GMT - Info - Server is running on port: 3000
Sun, 14 Jul 2019 14:16:38 GMT - Info - Server is running on port: 3000
Sun, 14 Jul 2019 14:51:36 GMT - Info - Server is running on port: 3000
Sun, 14 Jul 2019 14:53:16 GMT - Info - Server is running on port: 3000
Sun, 14 Jul 2019 14:53:21 GMT - Info - Server is running on port: 3000
Sun, 14 Jul 2019 14:53:32 GMT - Info - Server is running on port: 3000
Sun, 14 Jul 2019 15:19:53 GMT - Info - Server is running on port: 3000
Sun, 14 Jul 2019 15:20:06 GMT - Info - Server is running on port: 3000
Sun, 14 Jul 2019 15:21:28 GMT - Info - Server is running on port: 3000
Sun, 14 Jul 2019 15:21:43 GMT - Info - Server is running on port: 3000
Sun, 14 Jul 2019 15:21:45 GMT - Info - Server is running on port: 3000
Sun, 14 Jul 2019 15:23:34 GMT - Info - Server is running on port: 3000
Sun, 14 Jul 2019 15:23:38 GMT - Info - Server is running on port: 3000
Sun, 14 Jul 2019 15:24:09 GMT - Info - Server is running on port: 3000
Sun, 14 Jul 2019 15:24:35 GMT - Info - Server is running on port: 3000
Sun, 14 Jul 2019 15:25:14 GMT - Info - Server is running on port: 3000
Sun, 14 Jul 2019 15:28:49 GMT - Info - Server is running on port: 3000
Sun, 14 Jul 2019 15:28:59 GMT - Info - Server is running on port: 3000
Sun, 14 Jul 2019 16:02:45 GMT - Info - Server is running on port: 3000
Sun, 14 Jul 2019 16:11:37 GMT - Info - Server is running on port: 3000
Sun, 14 Jul 2019 16:12:44 GMT - Info - Server is running on port: 3000
Sun, 14 Jul 2019 16:17:35 GMT - Info - Server is running on port: 3000
Sun, 14 Jul 2019 16:17:45 GMT - Info - Server is running on port: 3000
Sun, 14 Jul 2019 16:17:52 GMT - Info - Server is running on port: 3000
Sun, 14 Jul 2019 16:28:21 GMT - Info - Server is running on port: 3000
Sun, 14 Jul 2019 16:45:18 GMT - Info - Server is running on port: 3000
Sun, 14 Jul 2019 16:45:52 GMT - Info - Server is running on port: 3000
Sun, 14 Jul 2019 16:50:50 GMT - Info - Server is running on port: 3000
Sun, 14 Jul 2019 16:51:34 GMT - Info - Server is running on port: 3000
Sun, 14 Jul 2019 17:21:30 GMT - Info - Server is running on port: 3000
Sun, 14 Jul 2019 17:21:32 GMT - Info - Server is running on port: 3000
Sun, 14 Jul 2019 17:22:02 GMT - Info - Server is running on port: 3000
Sun, 14 Jul 2019 17:25:15 GMT - Info - Server is running on port: 3000
Sun, 14 Jul 2019 17:35:32 GMT - Info - Server is running on port: 3000
Sun, 14 Jul 2019 17:46:20 GMT - Info - Server is running on port: 3000
Sun, 14 Jul 2019 17:49:55 GMT - Info - Server is running on port: 3000
Sun, 14 Jul 2019 17:50:47 GMT - Info - Server is running on port: 3000
Sun, 14 Jul 2019 17:55:57 GMT - Info - Server is running on port: 3000
Sun, 14 Jul 2019 17:56:20 GMT - Info - Server is running on port: 3000
Sun, 14 Jul 2019 18:01:02 GMT - Info - Server is running on port: 3000
Sun, 14 Jul 2019 18:06:54 GMT - Info - Server is running on port: 3000
Sun, 14 Jul 2019 18:15:53 GMT - Info - Server is running on port: 3000
Sun, 14 Jul 2019 18:29:56 GMT - Info - Server is running on port: 3000
Sun, 14 Jul 2019 18:30:18 GMT - Info - Server is running on port: 3000
Sun, 14 Jul 2019 18:48:31 GMT - Info - Server is running on port: 3000
Sun, 14 Jul 2019 18:56:52 GMT - Info - Server is running on port: 3000
Sun, 14 Jul 2019 18:56:57 GMT - Info - Server is running on port: 3000
Sun, 14 Jul 2019 18:57:03 GMT - Info - Server is running on port: 3000
Sun, 14 Jul 2019 19:02:27 GMT - Info - Server is running on port: 3000
Sun, 14 Jul 2019 19:02:35 GMT - Info - Server is running on port: 3000
Sun, 14 Jul 2019 19:03:11 GMT - Info - Server is running on port: 3000
Sun, 14 Jul 2019 19:03:31 GMT - Info - Server is running on port: 3000
Sun, 14 Jul 2019 19:06:50 GMT - Info - Server is running on port: 3000
Sun, 14 Jul 2019 19:07:04 GMT - Info - Server is running on port: 3000
Sun, 14 Jul 2019 19:10:06 GMT - Info - Server is running on port: 3000
Sun, 14 Jul 2019 19:10:15 GMT - Info - Server is running on port: 3000
Sun, 14 Jul 2019 19:10:27 GMT - Info - Server is running on port: 3000
Sun, 14 Jul 2019 19:12:22 GMT - Info - Server is running on port: 3000
Sun, 14 Jul 2019 19:12:27 GMT - Info - Server is running on port: 3000
Sun, 14 Jul 2019 19:20:48 GMT - Info - Server is running on port: 3000
Sun, 14 Jul 2019 19:23:23 GMT - Info - Server is running on port: 3000
Sun, 14 Jul 2019 19:25:29 GMT - Info - Server is running on port: 3000
Sun, 14 Jul 2019 19:25:31 GMT - Info - Server is running on port: 3000
Sun, 14 Jul 2019 19:30:38 GMT - Info - Server is running on port: 3000
Sun, 14 Jul 2019 19:33:21 GMT - Info - Server is running on port: 3000
Sun, 14 Jul 2019 19:33:37 GMT - Info - Server is running on port: 3000
Sun, 14 Jul 2019 19:36:01 GMT - Info - Server is running on port: 3000
Sun, 14 Jul 2019 19:38:13 GMT - Info - Server is running on port: 3000
Sun, 14 Jul 2019 19:40:59 GMT - Info - Server is running on port: 3000
Sun, 14 Jul 2019 19:41:07 GMT - Info - Server is running on port: 3000
Sun, 14 Jul 2019 19:51:10 GMT - Info - Server is running on port: 3000
Sun, 14 Jul 2019 20:22:37 GMT - Info - Server is running on port: 3000
Sun, 14 Jul 2019 20:23:13 GMT - Info - Server is running on port: 3000
Sun, 14 Jul 2019 20:23:32 GMT - Info - Server is running on port: 3000
Sun, 14 Jul 2019 20:25:09 GMT - Info - Server is running on port: 3000
Sun, 14 Jul 2019 20:25:29 GMT - Info - Server is running on port: 3000
Sun, 14 Jul 2019 20:26:57 GMT - Info - Server is running on port: 3000
Sun, 14 Jul 2019 20:27:24 GMT - Info - Server is running on port: 3000
Sun, 14 Jul 2019 20:28:01 GMT - Info - Server is running on port: 3000
Sun, 14 Jul 2019 20:28:41 GMT - Info - Server is running on port: 3000
Sun, 14 Jul 2019 20:34:50 GMT - Info - Server is running on port: 3000
Sun, 14 Jul 2019 20:35:28 GMT - Info - Server is running on port: 3000
Sun, 14 Jul 2019 20:37:18 GMT - Info - Server is running on port: 3000
Sun, 14 Jul 2019 20:37:33 GMT - Info - Server is running on port: 3000
Sun, 14 Jul 2019 20:37:55 GMT - Info - Server is running on port: 3000
Sun, 14 Jul 2019 20:38:25 GMT - Info - Server is running on port: 3000
Sun, 14 Jul 2019 20:38:37 GMT - Info - Server is running on port: 3000
Sun, 14 Jul 2019 20:40:33 GMT - Info - Server is running on port: 3000
Sun, 14 Jul 2019 20:41:07 GMT - Info - Server is running on port: 3000
Sun, 14 Jul 2019 20:46:01 GMT - Info - Server is running on port: 3000
Sun, 14 Jul 2019 20:49:32 GMT - Info - Server is running on port: 3000
Sun, 14 Jul 2019 20:50:02 GMT - Info - Server is running on port: 3000
Sun, 14 Jul 2019 20:50:06 GMT - Info - Server is running on port: 3000
Sun, 14 Jul 2019 20:50:32 GMT - Info - Server is running on port: 3000
Sun, 14 Jul 2019 20:50:42 GMT - Info - Server is running on port: 3000
Sun, 14 Jul 2019 20:51:02 GMT - Info - Server is running on port: 3000
Sun, 14 Jul 2019 20:51:16 GMT - Info - Server is running on port: 3000
Sun, 14 Jul 2019 20:51:54 GMT - Info - Server is running on port: 3000
Sun, 14 Jul 2019 20:52:20 GMT - Info - Server is running on port: 3000
Sun, 14 Jul 2019 20:52:26 GMT - Info - Server is running on port: 3000
Sun, 14 Jul 2019 20:52:48 GMT - Info - Server is running on port: 3000
Sun, 14 Jul 2019 20:53:21 GMT - Info - Server is running on port: 3000
Mon, 15 Jul 2019 04:25:54 GMT - Info - Server is running on port: 3000
Mon, 15 Jul 2019 04:25:57 GMT - Info - Server is running on port: 3000
Mon, 15 Jul 2019 04:28:25 GMT - Info - Server is running on port: 3000
Mon, 15 Jul 2019 04:45:10 GMT - Info - Server is running on port: 3000
Mon, 15 Jul 2019 04:48:49 GMT - Info - Server is running on port: 3000
Mon, 15 Jul 2019 04:48:52 GMT - Info - Server is running on port: 3000
Mon, 15 Jul 2019 04:50:53 GMT - Info - Server is running on port: 3000
Mon, 15 Jul 2019 04:51:26 GMT - Info - Server is running on port: 3000
Mon, 15 Jul 2019 04:51:37 GMT - Info - Server is running on port: 3000
Mon, 15 Jul 2019 04:59:35 GMT - Info - Server is running on port: 3000
<<<<<<< HEAD
<<<<<<< HEAD
Mon, 15 Jul 2019 06:15:35 GMT - Info - Server is running on port: 3000
=======
Mon, 15 Jul 2019 05:55:41 GMT - Info - Server is running on port: 3000
>>>>>>> a15e9f737863106407f90dae527b54c40eb3fc97

Mon, 15 Jul 2019 06:29:18 GMT - Info - Server is running on port: 3000
=======
Mon, 15 Jul 2019 05:55:41 GMT - Info - Server is running on port: 3000
Mon, 15 Jul 2019 06:29:33 GMT - Info - Server is running on port: 3000
Mon, 15 Jul 2019 06:40:57 GMT - Info - Server is running on port: 3000
Mon, 15 Jul 2019 06:45:28 GMT - Info - Server is running on port: 3000
Mon, 15 Jul 2019 06:51:02 GMT - Info - Server is running on port: 3000
Mon, 15 Jul 2019 06:51:12 GMT - Info - Server is running on port: 3000
Mon, 15 Jul 2019 06:53:40 GMT - Info - Server is running on port: 3000
Mon, 15 Jul 2019 06:53:43 GMT - Info - Server is running on port: 3000
Mon, 15 Jul 2019 06:55:18 GMT - Info - Server is running on port: 3000
Mon, 15 Jul 2019 06:56:01 GMT - Info - Server is running on port: 3000
Mon, 15 Jul 2019 07:03:18 GMT - Info - Server is running on port: 3000
Mon, 15 Jul 2019 07:06:15 GMT - Info - Server is running on port: 3000
Mon, 15 Jul 2019 07:06:34 GMT - Info - Server is running on port: 3000
Mon, 15 Jul 2019 07:07:00 GMT - Info - Server is running on port: 3000
Mon, 15 Jul 2019 07:07:25 GMT - Info - Server is running on port: 3000
Mon, 15 Jul 2019 07:07:33 GMT - Info - Server is running on port: 3000
Mon, 15 Jul 2019 07:07:57 GMT - Info - Server is running on port: 3000
Mon, 15 Jul 2019 07:17:11 GMT - Info - Server is running on port: 3000
Mon, 15 Jul 2019 07:17:18 GMT - Info - Server is running on port: 3000
Mon, 15 Jul 2019 07:22:19 GMT - Info - Server is running on port: 3000
Mon, 15 Jul 2019 07:48:33 GMT - Info - Server is running on port: 3000
Mon, 15 Jul 2019 07:48:51 GMT - Info - Server is running on port: 3000
<<<<<<< HEAD
<<<<<<< HEAD
>>>>>>> e26cecc0f90dee417f5581e58d142c4b1c2fed3c

Mon, 15 Jul 2019 08:07:29 GMT - Info - Server is running on port: 3000
=======
Mon, 15 Jul 2019 08:12:21 GMT - Info - Server is running on port: 3000
Mon, 15 Jul 2019 08:37:55 GMT - Info - Server is running on port: 3000
Mon, 15 Jul 2019 08:38:02 GMT - Info - Server is running on port: 3000
Mon, 15 Jul 2019 08:38:33 GMT - Info - Server is running on port: 3000
>>>>>>> dcfe65c8b62343208bf62050c4510ef6ff93edb0
=======
Mon, 15 Jul 2019 07:59:04 GMT - Info - Server is running on port: 3000
Mon, 15 Jul 2019 08:03:21 GMT - Info - Server is running on port: 3000
Mon, 15 Jul 2019 08:03:52 GMT - Info - Server is running on port: 3000
<<<<<<< HEAD
>>>>>>> 43d7c795a0f0cb580d9b7a7bdc99ace295025b61

Mon, 15 Jul 2019 09:05:16 GMT - Info - Server is running on port: 3000
Mon, 15 Jul 2019 12:02:34 GMT - Info - Server is running on port: 3000
=======
Mon, 15 Jul 2019 08:53:33 GMT - Info - Server is running on port: 3000
Mon, 15 Jul 2019 09:25:01 GMT - Info - Server is running on port: 3000
Mon, 15 Jul 2019 09:25:49 GMT - Info - Server is running on port: 3000
Mon, 15 Jul 2019 09:26:07 GMT - Info - Server is running on port: 3000
Mon, 15 Jul 2019 09:37:01 GMT - Info - Server is running on port: 3000
Mon, 15 Jul 2019 09:41:57 GMT - Info - Server is running on port: 3000
Mon, 15 Jul 2019 09:43:43 GMT - Info - Server is running on port: 3000
Mon, 15 Jul 2019 09:45:08 GMT - Info - Server is running on port: 3000
Mon, 15 Jul 2019 09:49:10 GMT - Info - Server is running on port: 3000
Mon, 15 Jul 2019 11:07:38 GMT - Info - Server is running on port: 3000
Mon, 15 Jul 2019 11:07:58 GMT - Info - Server is running on port: 3000
Mon, 15 Jul 2019 11:08:27 GMT - Info - Server is running on port: 3000
Mon, 15 Jul 2019 11:13:33 GMT - Info - Server is running on port: 3000
Mon, 15 Jul 2019 11:14:00 GMT - Info - Server is running on port: 3000
Mon, 15 Jul 2019 11:24:23 GMT - Info - Server is running on port: 3000
Mon, 15 Jul 2019 11:24:52 GMT - Info - Server is running on port: 3000
Mon, 15 Jul 2019 11:25:36 GMT - Info - Server is running on port: 3000
Mon, 15 Jul 2019 11:26:11 GMT - Info - Server is running on port: 3000
Mon, 15 Jul 2019 11:27:23 GMT - Info - Server is running on port: 3000
Mon, 15 Jul 2019 11:27:52 GMT - Info - Server is running on port: 3000
Mon, 15 Jul 2019 11:28:14 GMT - Info - Server is running on port: 3000
Mon, 15 Jul 2019 11:29:03 GMT - Info - Server is running on port: 3000
Mon, 15 Jul 2019 11:29:24 GMT - Info - Server is running on port: 3000
Mon, 15 Jul 2019 11:29:33 GMT - Info - Server is running on port: 3000
Mon, 15 Jul 2019 11:30:08 GMT - Info - Server is running on port: 3000
Mon, 15 Jul 2019 11:30:53 GMT - Info - Server is running on port: 3000
Mon, 15 Jul 2019 11:34:08 GMT - Info - Server is running on port: 3000
Mon, 15 Jul 2019 11:34:14 GMT - Info - Server is running on port: 3000
Mon, 15 Jul 2019 11:36:12 GMT - Info - Server is running on port: 3000
Mon, 15 Jul 2019 11:36:37 GMT - Info - Server is running on port: 3000
Mon, 15 Jul 2019 11:39:21 GMT - Info - Server is running on port: 3000
Mon, 15 Jul 2019 11:42:27 GMT - Info - Server is running on port: 3000
Mon, 15 Jul 2019 11:42:30 GMT - Info - Server is running on port: 3000
Mon, 15 Jul 2019 11:42:41 GMT - Info - Server is running on port: 3000
Mon, 15 Jul 2019 11:43:11 GMT - Info - Server is running on port: 3000
Mon, 15 Jul 2019 11:44:48 GMT - Info - Server is running on port: 3000
Mon, 15 Jul 2019 11:45:04 GMT - Info - Server is running on port: 3000
Mon, 15 Jul 2019 11:45:14 GMT - Info - Server is running on port: 3000
Mon, 15 Jul 2019 11:46:12 GMT - Info - Server is running on port: 3000
Mon, 15 Jul 2019 11:48:43 GMT - Info - Server is running on port: 3000
Mon, 15 Jul 2019 11:48:53 GMT - Info - Server is running on port: 3000
Mon, 15 Jul 2019 11:49:01 GMT - Info - Server is running on port: 3000
Mon, 15 Jul 2019 11:49:11 GMT - Info - Server is running on port: 3000
Mon, 15 Jul 2019 11:52:13 GMT - Info - Server is running on port: 3000
Mon, 15 Jul 2019 11:52:47 GMT - Info - Server is running on port: 3000
Mon, 15 Jul 2019 11:53:03 GMT - Info - Server is running on port: 3000
Mon, 15 Jul 2019 11:53:46 GMT - Info - Server is running on port: 3000
Mon, 15 Jul 2019 11:59:33 GMT - Info - Server is running on port: 3000
Mon, 15 Jul 2019 12:00:11 GMT - Info - Server is running on port: 3000
Mon, 15 Jul 2019 12:00:30 GMT - Info - Server is running on port: 3000
Mon, 15 Jul 2019 12:01:30 GMT - Info - Server is running on port: 3000
Mon, 15 Jul 2019 12:02:55 GMT - Info - Server is running on port: 3000
Mon, 15 Jul 2019 12:03:13 GMT - Info - Server is running on port: 3000
Mon, 15 Jul 2019 12:03:32 GMT - Info - Server is running on port: 3000
Mon, 15 Jul 2019 12:05:17 GMT - Info - Server is running on port: 3000
Mon, 15 Jul 2019 12:05:25 GMT - Info - Server is running on port: 3000
Mon, 15 Jul 2019 12:05:58 GMT - Info - Server is running on port: 3000
Mon, 15 Jul 2019 12:06:38 GMT - Info - Server is running on port: 3000
<<<<<<< HEAD
>>>>>>> 42d57267455b89d124f0af490f33a6cd24c171b4

Mon, 15 Jul 2019 13:12:20 GMT - Info - Server is running on port: 3000
Tue, 16 Jul 2019 06:47:17 GMT - Info - Server is running on port: 3000
=======
Mon, 15 Jul 2019 12:49:07 GMT - Info - Server is running on port: 3000
Mon, 15 Jul 2019 12:52:04 GMT - Info - Server is running on port: 3000
Mon, 15 Jul 2019 13:45:03 GMT - Info - Server is running on port: 3000
Mon, 15 Jul 2019 14:36:30 GMT - Info - Server is running on port: 3000
Mon, 15 Jul 2019 14:37:05 GMT - Info - Server is running on port: 3000
Mon, 15 Jul 2019 14:37:27 GMT - Info - Server is running on port: 3000
Mon, 15 Jul 2019 14:38:51 GMT - Info - Server is running on port: 3000
Mon, 15 Jul 2019 14:39:05 GMT - Info - Server is running on port: 3000
Mon, 15 Jul 2019 14:39:44 GMT - Info - Server is running on port: 3000
Mon, 15 Jul 2019 14:40:36 GMT - Info - Server is running on port: 3000
Mon, 15 Jul 2019 14:40:45 GMT - Info - Server is running on port: 3000
Mon, 15 Jul 2019 14:50:07 GMT - Info - Server is running on port: 3000
Mon, 15 Jul 2019 14:50:24 GMT - Info - Server is running on port: 3000
Mon, 15 Jul 2019 14:50:41 GMT - Info - Server is running on port: 3000
Mon, 15 Jul 2019 14:57:19 GMT - Info - Server is running on port: 3000
Mon, 15 Jul 2019 14:58:02 GMT - Info - Server is running on port: 3000
Mon, 15 Jul 2019 14:58:10 GMT - Info - Server is running on port: 3000
Mon, 15 Jul 2019 14:58:36 GMT - Info - Server is running on port: 3000
Mon, 15 Jul 2019 15:00:02 GMT - Info - Server is running on port: 3000
Mon, 15 Jul 2019 15:00:58 GMT - Info - Server is running on port: 3000
Mon, 15 Jul 2019 15:02:35 GMT - Info - Server is running on port: 3000
Mon, 15 Jul 2019 15:03:55 GMT - Info - Server is running on port: 3000
Mon, 15 Jul 2019 15:09:46 GMT - Info - Server is running on port: 3000
Mon, 15 Jul 2019 15:11:10 GMT - Info - Server is running on port: 3000
Mon, 15 Jul 2019 15:11:15 GMT - Info - Server is running on port: 3000
Mon, 15 Jul 2019 15:15:32 GMT - Info - Server is running on port: 3000
Mon, 15 Jul 2019 15:17:30 GMT - Info - Server is running on port: 3000
<<<<<<< HEAD
Mon, 15 Jul 2019 16:01:23 GMT - Info - Server is running on port: 3000
Mon, 15 Jul 2019 16:25:09 GMT - Info - Server is running on port: 3000
Mon, 15 Jul 2019 16:28:20 GMT - Info - Server is running on port: 3000
Mon, 15 Jul 2019 17:49:10 GMT - Info - Server is running on port: 3000
Mon, 15 Jul 2019 17:49:56 GMT - Info - Server is running on port: 3000
Mon, 15 Jul 2019 17:53:42 GMT - Info - Server is running on port: 3000
Mon, 15 Jul 2019 23:44:05 GMT - Info - Server is running on port: 3000
Tue, 16 Jul 2019 00:04:47 GMT - Info - Server is running on port: 3000
Tue, 16 Jul 2019 00:05:14 GMT - Info - Server is running on port: 3000
Tue, 16 Jul 2019 00:12:09 GMT - Info - Server is running on port: 3000
Tue, 16 Jul 2019 00:13:47 GMT - Info - Server is running on port: 3000
Tue, 16 Jul 2019 00:13:56 GMT - Info - Server is running on port: 3000
Tue, 16 Jul 2019 00:14:19 GMT - Info - Server is running on port: 3000
Tue, 16 Jul 2019 00:14:29 GMT - Info - Server is running on port: 3000
Tue, 16 Jul 2019 00:32:30 GMT - Info - Server is running on port: 3000
Tue, 16 Jul 2019 00:36:18 GMT - Info - Server is running on port: 3000
Tue, 16 Jul 2019 00:51:27 GMT - Info - Server is running on port: 3000
Tue, 16 Jul 2019 00:53:54 GMT - Info - Server is running on port: 3000
Tue, 16 Jul 2019 03:49:48 GMT - Info - Server is running on port: 3000
Tue, 16 Jul 2019 04:51:30 GMT - Info - Server is running on port: 3000
Tue, 16 Jul 2019 05:31:48 GMT - Info - Server is running on port: 3000
Tue, 16 Jul 2019 07:16:23 GMT - Info - Server is running on port: 3000
Tue, 16 Jul 2019 07:27:47 GMT - Info - Server is running on port: 3000
Tue, 16 Jul 2019 07:28:09 GMT - Info - Server is running on port: 3000
Tue, 16 Jul 2019 07:28:12 GMT - Info - Server is running on port: 3000
Tue, 16 Jul 2019 07:28:22 GMT - Info - Server is running on port: 3000
=======
>>>>>>> 42b52092411976e84f2442ea4899a60c29033a56
>>>>>>> 509f31ce58951240eb5e66b16deddd4389a54c94
<<<<<<< HEAD
>>>>>>> dcfe65c8b62343208bf62050c4510ef6ff93edb0

Tue, 16 Jul 2019 07:37:05 GMT - Info - Server is running on port: 3000
Tue, 16 Jul 2019 07:37:15 GMT - Info - Server is running on port: 3000
=======

Tue, 16 Jul 2019 07:41:00 GMT - Info - Server is running on port: 3000
Tue, 16 Jul 2019 09:47:35 GMT - Info - Server is running on port: 3000
<<<<<<< HEAD
>>>>>>> 6b2c58aa72a598fdc7bd33fbadf49b0e78406539

Tue, 16 Jul 2019 10:34:46 GMT - Info - Server is running on port: 3000
Tue, 16 Jul 2019 11:51:47 GMT - Info - Server is running on port: 3000
Tue, 16 Jul 2019 14:56:09 GMT - Info - Server is running on port: 3000
Wed, 17 Jul 2019 06:07:57 GMT - Info - Server is running on port: 3000
=======
Tue, 16 Jul 2019 11:20:43 GMT - Info - Server is running on port: 3000
Tue, 16 Jul 2019 11:56:13 GMT - Info - Server is running on port: 3000
Tue, 16 Jul 2019 11:57:02 GMT - Info - Server is running on port: 3000
Tue, 16 Jul 2019 11:57:58 GMT - Info - Server is running on port: 3000
Tue, 16 Jul 2019 11:58:15 GMT - Info - Server is running on port: 3000
Tue, 16 Jul 2019 11:59:05 GMT - Info - Server is running on port: 3000
Tue, 16 Jul 2019 12:01:05 GMT - Info - Server is running on port: 3000
Tue, 16 Jul 2019 12:10:06 GMT - Info - Server is running on port: 3000
Tue, 16 Jul 2019 12:10:10 GMT - Info - Server is running on port: 3000
Tue, 16 Jul 2019 12:15:49 GMT - Info - Server is running on port: 3000
Tue, 16 Jul 2019 12:29:29 GMT - Info - Server is running on port: 3000
Tue, 16 Jul 2019 12:31:16 GMT - Info - Server is running on port: 3000
Tue, 16 Jul 2019 12:32:15 GMT - Info - Server is running on port: 3000
Tue, 16 Jul 2019 12:32:40 GMT - Info - Server is running on port: 3000
Tue, 16 Jul 2019 12:33:51 GMT - Info - Server is running on port: 3000
Tue, 16 Jul 2019 12:35:13 GMT - Info - Server is running on port: 3000
Tue, 16 Jul 2019 12:35:45 GMT - Info - Server is running on port: 3000
Tue, 16 Jul 2019 12:36:34 GMT - Info - Server is running on port: 3000
Tue, 16 Jul 2019 12:39:09 GMT - Info - Server is running on port: 3000
Tue, 16 Jul 2019 12:39:43 GMT - Info - Server is running on port: 3000
Tue, 16 Jul 2019 12:40:11 GMT - Info - Server is running on port: 3000
Tue, 16 Jul 2019 12:40:34 GMT - Info - Server is running on port: 3000
Tue, 16 Jul 2019 12:41:02 GMT - Info - Server is running on port: 3000
Tue, 16 Jul 2019 12:41:33 GMT - Info - Server is running on port: 3000
Tue, 16 Jul 2019 12:42:49 GMT - Info - Server is running on port: 3000
Tue, 16 Jul 2019 12:43:53 GMT - Info - Server is running on port: 3000
Tue, 16 Jul 2019 12:45:35 GMT - Info - Server is running on port: 3000
Tue, 16 Jul 2019 12:45:42 GMT - Info - Server is running on port: 3000
Tue, 16 Jul 2019 12:47:25 GMT - Info - Server is running on port: 3000
Tue, 16 Jul 2019 12:48:25 GMT - Info - Server is running on port: 3000
Tue, 16 Jul 2019 12:52:29 GMT - Info - Server is running on port: 3000
Tue, 16 Jul 2019 12:53:38 GMT - Info - Server is running on port: 3000
Tue, 16 Jul 2019 12:54:40 GMT - Info - Server is running on port: 3000
Tue, 16 Jul 2019 12:56:56 GMT - Info - Server is running on port: 3000
Tue, 16 Jul 2019 12:57:08 GMT - Info - Server is running on port: 3000
Tue, 16 Jul 2019 12:57:43 GMT - Info - Server is running on port: 3000
Tue, 16 Jul 2019 12:58:19 GMT - Info - Server is running on port: 3000
Tue, 16 Jul 2019 13:00:18 GMT - Info - Server is running on port: 3000
Tue, 16 Jul 2019 13:00:57 GMT - Info - Server is running on port: 3000
Tue, 16 Jul 2019 13:02:51 GMT - Info - Server is running on port: 3000
Tue, 16 Jul 2019 13:02:59 GMT - Info - Server is running on port: 3000
Tue, 16 Jul 2019 13:04:15 GMT - Info - Server is running on port: 3000
Tue, 16 Jul 2019 13:07:06 GMT - Info - Server is running on port: 3000
Tue, 16 Jul 2019 13:09:05 GMT - Info - Server is running on port: 3000
Tue, 16 Jul 2019 13:20:25 GMT - Info - Server is running on port: 3000
Tue, 16 Jul 2019 13:20:51 GMT - Info - Server is running on port: 3000
Tue, 16 Jul 2019 13:23:36 GMT - Info - Server is running on port: 3000
Tue, 16 Jul 2019 13:24:01 GMT - Info - Server is running on port: 3000
Tue, 16 Jul 2019 13:27:40 GMT - Info - Server is running on port: 3000
Tue, 16 Jul 2019 13:29:53 GMT - Info - Server is running on port: 3000
Tue, 16 Jul 2019 13:30:40 GMT - Info - Server is running on port: 3000
Tue, 16 Jul 2019 13:48:52 GMT - Info - Server is running on port: 3000
Tue, 16 Jul 2019 13:49:03 GMT - Info - Server is running on port: 3000
Tue, 16 Jul 2019 13:50:37 GMT - Info - Server is running on port: 3000
Tue, 16 Jul 2019 14:00:49 GMT - Info - Server is running on port: 3000
Tue, 16 Jul 2019 14:01:17 GMT - Info - Server is running on port: 3000
Tue, 16 Jul 2019 14:01:47 GMT - Info - Server is running on port: 3000
Tue, 16 Jul 2019 14:03:08 GMT - Info - Server is running on port: 3000
Tue, 16 Jul 2019 14:03:14 GMT - Info - Server is running on port: 3000
Tue, 16 Jul 2019 14:06:59 GMT - Info - Server is running on port: 3000
Tue, 16 Jul 2019 14:08:14 GMT - Info - Server is running on port: 3000
Tue, 16 Jul 2019 14:16:01 GMT - Info - Server is running on port: 3000
Tue, 16 Jul 2019 14:16:03 GMT - Info - Server is running on port: 3000
Tue, 16 Jul 2019 14:17:41 GMT - Info - Server is running on port: 3000
Tue, 16 Jul 2019 14:18:17 GMT - Info - Server is running on port: 3000
Tue, 16 Jul 2019 14:39:43 GMT - Info - Server is running on port: 3000
Tue, 16 Jul 2019 14:45:17 GMT - Info - Server is running on port: 3000
Tue, 16 Jul 2019 15:58:46 GMT - Info - Server is running on port: 3000
Tue, 16 Jul 2019 18:05:30 GMT - Info - Server is running on port: 3000
Tue, 16 Jul 2019 18:51:08 GMT - Info - Server is running on port: 3000
Tue, 16 Jul 2019 18:51:15 GMT - Info - Server is running on port: 3000
Tue, 16 Jul 2019 18:51:27 GMT - Info - Server is running on port: 3000
Tue, 16 Jul 2019 18:52:02 GMT - Info - Server is running on port: 3000
Tue, 16 Jul 2019 18:53:20 GMT - Info - Server is running on port: 3000
Tue, 16 Jul 2019 19:21:26 GMT - Info - Server is running on port: 3000
Tue, 16 Jul 2019 19:22:33 GMT - Info - Server is running on port: 3000
Tue, 16 Jul 2019 19:22:41 GMT - Info - Server is running on port: 3000
Tue, 16 Jul 2019 20:15:04 GMT - Info - Server is running on port: 3000
Wed, 17 Jul 2019 04:10:24 GMT - Info - Server is running on port: 3000
Wed, 17 Jul 2019 05:18:27 GMT - Info - Server is running on port: 3000
Wed, 17 Jul 2019 05:50:48 GMT - Info - Server is running on port: 3000
<<<<<<< HEAD
>>>>>>> 3a28c29694912b437db68c1e98e2d074c8c3b52e

Wed, 17 Jul 2019 06:13:46 GMT - Info - Server is running on port: 3000
Wed, 17 Jul 2019 07:30:38 GMT - Info - Server is running on port: 3000
Wed, 17 Jul 2019 09:55:35 GMT - Info - Server is running on port: 3000
Wed, 17 Jul 2019 09:55:55 GMT - Info - Server is running on port: 3000
Wed, 17 Jul 2019 10:21:49 GMT - Info - Server is running on port: 3000
Wed, 17 Jul 2019 10:56:36 GMT - Info - Server is running on port: 3000
Wed, 17 Jul 2019 11:04:48 GMT - Info - Server is running on port: 3000
Wed, 17 Jul 2019 11:04:58 GMT - Info - Server is running on port: 3000
Wed, 17 Jul 2019 11:05:23 GMT - Info - Server is running on port: 3000
Wed, 17 Jul 2019 11:05:31 GMT - Info - Server is running on port: 3000
Wed, 17 Jul 2019 11:07:53 GMT - Info - Server is running on port: 3000
Wed, 17 Jul 2019 11:14:36 GMT - Info - Server is running on port: 3000
Wed, 17 Jul 2019 11:30:18 GMT - Info - Server is running on port: 3000
Wed, 17 Jul 2019 11:30:39 GMT - Info - Server is running on port: 3000
Wed, 17 Jul 2019 11:32:51 GMT - Info - Server is running on port: 3000
Wed, 17 Jul 2019 11:32:58 GMT - Info - Server is running on port: 3000
Wed, 17 Jul 2019 11:33:05 GMT - Info - Server is running on port: 3000
Wed, 17 Jul 2019 11:33:09 GMT - Info - Server is running on port: 3000
=======
Wed, 17 Jul 2019 06:15:02 GMT - Info - Server is running on port: 3000
Wed, 17 Jul 2019 07:55:35 GMT - Info - Server is running on port: 3000
Wed, 17 Jul 2019 07:59:29 GMT - Info - Server is running on port: 3000
<<<<<<< HEAD
Wed, 17 Jul 2019 10:28:33 GMT - Info - Server is running on port: 3000
Wed, 17 Jul 2019 12:26:04 GMT - Info - Server is running on port: 3000
=======
>>>>>>> 2b183eb697c2b140cb027d494aa4f1a396e6aa7d
>>>>>>> 03d666c089f0ae4aa9dfe4cfeb9155f4fae41d01

Wed, 17 Jul 2019 12:41:48 GMT - Info - Server is running on port: 3000
Wed, 17 Jul 2019 13:40:59 GMT - Info - Server is running on port: 3000
Wed, 17 Jul 2019 13:41:18 GMT - Info - Server is running on port: 3000
Wed, 17 Jul 2019 13:43:48 GMT - Info - Server is running on port: 3000
Wed, 17 Jul 2019 13:45:37 GMT - Info - Server is running on port: 3000
Wed, 17 Jul 2019 13:45:42 GMT - Info - Server is running on port: 3000
Wed, 17 Jul 2019 13:46:34 GMT - Info - Server is running on port: 3000
Wed, 17 Jul 2019 13:49:07 GMT - Info - Server is running on port: 3000
Wed, 17 Jul 2019 13:50:10 GMT - Info - Server is running on port: 3000
Wed, 17 Jul 2019 13:52:01 GMT - Info - Server is running on port: 3000
Wed, 17 Jul 2019 13:53:04 GMT - Info - Server is running on port: 3000
Wed, 17 Jul 2019 13:58:31 GMT - Info - Server is running on port: 3000
Wed, 17 Jul 2019 14:02:40 GMT - Info - Server is running on port: 3000
Wed, 17 Jul 2019 14:04:20 GMT - Info - Server is running on port: 3000
Wed, 17 Jul 2019 14:28:09 GMT - Info - Server is running on port: 3000
Wed, 17 Jul 2019 14:44:12 GMT - Info - Server is running on port: 3000
Wed, 17 Jul 2019 14:53:03 GMT - Info - Server is running on port: 3000
Wed, 17 Jul 2019 14:54:05 GMT - Info - Server is running on port: 3000
Wed, 17 Jul 2019 15:12:04 GMT - Info - Server is running on port: 3000
Wed, 17 Jul 2019 15:54:21 GMT - Info - Server is running on port: 3000
Wed, 17 Jul 2019 17:21:12 GMT - Info - Server is running on port: 3000
Wed, 17 Jul 2019 17:58:32 GMT - Info - Server is running on port: 3000
Wed, 17 Jul 2019 19:22:50 GMT - Info - Server is running on port: 3000
Thu, 18 Jul 2019 03:46:31 GMT - Info - Server is running on port: 3000
Thu, 18 Jul 2019 04:58:12 GMT - Info - Server is running on port: 3000
Thu, 18 Jul 2019 05:49:05 GMT - Info - Server is running on port: 3000
Thu, 18 Jul 2019 07:13:12 GMT - Info - Server is running on port: 3000
Thu, 18 Jul 2019 07:13:20 GMT - Info - Server is running on port: 3000
Thu, 18 Jul 2019 07:16:08 GMT - Info - Server is running on port: 3000
Thu, 18 Jul 2019 07:17:59 GMT - Info - Server is running on port: 3000
Thu, 18 Jul 2019 07:19:59 GMT - Info - Server is running on port: 3000
Thu, 18 Jul 2019 07:20:07 GMT - Info - Server is running on port: 3000
Thu, 18 Jul 2019 07:23:50 GMT - Info - Server is running on port: 3000
Thu, 18 Jul 2019 07:23:57 GMT - Info - Server is running on port: 3000
Thu, 18 Jul 2019 07:29:42 GMT - Info - Server is running on port: 3000
Thu, 18 Jul 2019 07:30:03 GMT - Info - Server is running on port: 3000
Thu, 18 Jul 2019 08:09:29 GMT - Info - Server is running on port: 3000
Thu, 18 Jul 2019 10:51:33 GMT - Info - Server is running on port: 3000
Thu, 18 Jul 2019 11:14:25 GMT - Info - Server is running on port: 3000
Thu, 18 Jul 2019 12:09:48 GMT - Info - Server is running on port: 3000
Thu, 18 Jul 2019 12:10:12 GMT - Info - Server is running on port: 3000
Thu, 18 Jul 2019 12:10:33 GMT - Info - Server is running on port: 3000
Thu, 18 Jul 2019 12:11:06 GMT - Info - Server is running on port: 3000
Thu, 18 Jul 2019 12:33:17 GMT - Info - Server is running on port: 3000
Thu, 18 Jul 2019 12:33:34 GMT - Info - Server is running on port: 3000
Thu, 18 Jul 2019 12:33:47 GMT - Info - Server is running on port: 3000
Thu, 18 Jul 2019 12:34:33 GMT - Info - Server is running on port: 3000
Thu, 18 Jul 2019 12:35:22 GMT - Info - Server is running on port: 3000
Thu, 18 Jul 2019 12:35:56 GMT - Info - Server is running on port: 3000
Thu, 18 Jul 2019 12:36:00 GMT - Info - Server is running on port: 3000
Thu, 18 Jul 2019 12:36:42 GMT - Info - Server is running on port: 3000
Thu, 18 Jul 2019 12:51:51 GMT - Info - Server is running on port: 3000
Thu, 18 Jul 2019 12:52:20 GMT - Info - Server is running on port: 3000
Thu, 18 Jul 2019 12:56:19 GMT - Info - Server is running on port: 3000
Thu, 18 Jul 2019 13:03:31 GMT - Info - Server is running on port: 3000
Thu, 18 Jul 2019 13:05:34 GMT - Info - Server is running on port: 3000
Thu, 18 Jul 2019 13:07:02 GMT - Info - Server is running on port: 3000
Thu, 18 Jul 2019 13:13:24 GMT - Info - Server is running on port: 3000
Thu, 18 Jul 2019 13:13:30 GMT - Info - Server is running on port: 3000
Thu, 18 Jul 2019 13:13:32 GMT - Info - Server is running on port: 3000
Thu, 18 Jul 2019 13:13:35 GMT - Info - Server is running on port: 3000
Thu, 18 Jul 2019 13:13:37 GMT - Info - Server is running on port: 3000
Thu, 18 Jul 2019 13:13:42 GMT - Info - Server is running on port: 3000
Thu, 18 Jul 2019 13:19:52 GMT - Info - Server is running on port: 3000
Thu, 18 Jul 2019 13:22:12 GMT - Info - Server is running on port: 3000
Thu, 18 Jul 2019 13:22:16 GMT - Info - Server is running on port: 3000
Thu, 18 Jul 2019 13:24:21 GMT - Info - Server is running on port: 3000
Thu, 18 Jul 2019 13:24:23 GMT - Info - Server is running on port: 3000
Thu, 18 Jul 2019 13:27:14 GMT - Info - Server is running on port: 3000
Thu, 18 Jul 2019 13:27:49 GMT - Info - Server is running on port: 3000
Thu, 18 Jul 2019 13:27:54 GMT - Info - Server is running on port: 3000
Thu, 18 Jul 2019 13:35:44 GMT - Info - Server is running on port: 3000
Thu, 18 Jul 2019 13:39:06 GMT - Info - Server is running on port: 3000
Thu, 18 Jul 2019 13:39:27 GMT - Info - Server is running on port: 3000
Thu, 18 Jul 2019 13:41:29 GMT - Info - Server is running on port: 3000
Thu, 18 Jul 2019 13:41:30 GMT - Info - Server is running on port: 3000
Thu, 18 Jul 2019 13:42:01 GMT - Info - Server is running on port: 3000
Thu, 18 Jul 2019 13:42:06 GMT - Info - Server is running on port: 3000
Thu, 18 Jul 2019 13:44:12 GMT - Info - Server is running on port: 3000
Thu, 18 Jul 2019 13:52:32 GMT - Info - Server is running on port: 3000
Thu, 18 Jul 2019 14:23:18 GMT - Info - Server is running on port: 3000
Thu, 18 Jul 2019 14:23:38 GMT - Info - Server is running on port: 3000
Thu, 18 Jul 2019 14:31:48 GMT - Info - Server is running on port: 3000
Thu, 18 Jul 2019 14:41:43 GMT - Info - Server is running on port: 3000
Thu, 18 Jul 2019 14:41:49 GMT - Info - Server is running on port: 3000
Thu, 18 Jul 2019 14:42:46 GMT - Info - Server is running on port: 3000
Thu, 18 Jul 2019 14:43:02 GMT - Info - Server is running on port: 3000
Thu, 18 Jul 2019 15:00:59 GMT - Info - Server is running on port: 3000
Thu, 18 Jul 2019 15:01:36 GMT - Info - Server is running on port: 3000
Thu, 18 Jul 2019 15:20:44 GMT - Info - Server is running on port: 3000
Thu, 18 Jul 2019 15:29:26 GMT - Info - Server is running on port: 3000
Thu, 18 Jul 2019 15:30:06 GMT - Info - Server is running on port: 3000
Thu, 18 Jul 2019 15:30:47 GMT - Info - Server is running on port: 3000
Thu, 18 Jul 2019 15:31:15 GMT - Info - Server is running on port: 3000
Thu, 18 Jul 2019 15:31:24 GMT - Info - Server is running on port: 3000
Thu, 18 Jul 2019 15:33:47 GMT - Info - Server is running on port: 3000
Thu, 18 Jul 2019 15:34:03 GMT - Info - Server is running on port: 3000
Thu, 18 Jul 2019 15:34:32 GMT - Info - Server is running on port: 3000
Thu, 18 Jul 2019 15:36:25 GMT - Info - Server is running on port: 3000
Thu, 18 Jul 2019 15:36:43 GMT - Info - Server is running on port: 3000
Thu, 18 Jul 2019 15:37:12 GMT - Info - Server is running on port: 3000
Thu, 18 Jul 2019 15:37:50 GMT - Info - Server is running on port: 3000
Thu, 18 Jul 2019 16:15:08 GMT - Info - Server is running on port: 3000
Thu, 18 Jul 2019 16:15:52 GMT - Info - Server is running on port: 3000
Thu, 18 Jul 2019 16:18:12 GMT - Info - Server is running on port: 3000
Thu, 18 Jul 2019 16:19:05 GMT - Info - Server is running on port: 3000
Thu, 18 Jul 2019 16:21:41 GMT - Info - Server is running on port: 3000
Thu, 18 Jul 2019 16:32:03 GMT - Info - Server is running on port: 3000
Thu, 18 Jul 2019 16:33:11 GMT - Info - Server is running on port: 3000
Thu, 18 Jul 2019 16:57:02 GMT - Info - Server is running on port: 3000
Thu, 18 Jul 2019 17:15:57 GMT - Info - Server is running on port: 3000
Thu, 18 Jul 2019 17:16:19 GMT - Info - Server is running on port: 3000
Thu, 18 Jul 2019 17:25:58 GMT - Info - Server is running on port: 3000
Thu, 18 Jul 2019 17:28:21 GMT - Info - Server is running on port: 3000
Thu, 18 Jul 2019 18:17:38 GMT - Info - Server is running on port: 3000
Thu, 18 Jul 2019 18:47:54 GMT - Info - Server is running on port: 3000
Fri, 19 Jul 2019 08:28:21 GMT - Info - Server is running on port: 3000
Fri, 19 Jul 2019 08:53:54 GMT - Info - Server is running on port: 3000
Fri, 19 Jul 2019 08:55:35 GMT - Info - Server is running on port: 3000
Fri, 19 Jul 2019 08:56:32 GMT - Info - Server is running on port: 3000
Fri, 19 Jul 2019 08:56:34 GMT - Info - Server is running on port: 3000
Fri, 19 Jul 2019 08:57:20 GMT - Info - Server is running on port: 3000
Fri, 19 Jul 2019 08:58:03 GMT - Info - Server is running on port: 3000
Fri, 19 Jul 2019 09:02:03 GMT - Info - Server is running on port: 3000
Fri, 19 Jul 2019 09:02:22 GMT - Info - Server is running on port: 3000
Fri, 19 Jul 2019 09:02:34 GMT - Info - Server is running on port: 3000
Fri, 19 Jul 2019 09:03:00 GMT - Info - Server is running on port: 3000
Fri, 19 Jul 2019 09:08:18 GMT - Info - Server is running on port: 3000
Fri, 19 Jul 2019 09:11:53 GMT - Info - Server is running on port: 3000
Fri, 19 Jul 2019 09:13:21 GMT - Info - Server is running on port: 3000
Fri, 19 Jul 2019 09:26:19 GMT - Info - Server is running on port: 3000
Fri, 19 Jul 2019 09:26:41 GMT - Info - Server is running on port: 3000
Fri, 19 Jul 2019 09:27:40 GMT - Info - Server is running on port: 3000
Fri, 19 Jul 2019 09:30:09 GMT - Info - Server is running on port: 3000
Fri, 19 Jul 2019 09:35:46 GMT - Info - Server is running on port: 3000
Fri, 19 Jul 2019 09:38:54 GMT - Info - Server is running on port: 3000
Fri, 19 Jul 2019 09:39:22 GMT - Info - Server is running on port: 3000
Fri, 19 Jul 2019 09:41:44 GMT - Info - Server is running on port: 3000
Fri, 19 Jul 2019 09:43:14 GMT - Info - Server is running on port: 3000
Fri, 19 Jul 2019 09:43:17 GMT - Info - Server is running on port: 3000
Fri, 19 Jul 2019 11:18:25 GMT - Info - Server is running on port: 3000
Fri, 19 Jul 2019 12:53:09 GMT - Info - Server is running on port: 3000
Fri, 19 Jul 2019 13:31:43 GMT - Info - Server is running on port: 3000
Fri, 19 Jul 2019 13:41:57 GMT - Info - Server is running on port: 3000
Fri, 19 Jul 2019 13:45:45 GMT - Info - Server is running on port: 3000
Fri, 19 Jul 2019 14:49:09 GMT - Info - Server is running on port: 3000
Fri, 19 Jul 2019 14:49:13 GMT - Info - Server is running on port: 3000
Fri, 19 Jul 2019 14:49:17 GMT - Info - Server is running on port: 3000
Fri, 19 Jul 2019 14:53:38 GMT - Info - Server is running on port: 3000
Fri, 19 Jul 2019 14:53:42 GMT - Info - Server is running on port: 3000
Fri, 19 Jul 2019 16:54:52 GMT - Info - Server is running on port: 3000
Fri, 19 Jul 2019 17:20:40 GMT - Info - Server is running on port: 3000
Fri, 19 Jul 2019 18:56:18 GMT - Info - Server is running on port: 3000
Fri, 19 Jul 2019 22:42:48 GMT - Info - Server is running on port: 3000
Sat, 20 Jul 2019 06:46:45 GMT - Info - Server is running on port: 3000
Sat, 20 Jul 2019 07:09:18 GMT - Info - Server is running on port: 3000
Sat, 20 Jul 2019 07:09:20 GMT - Info - Server is running on port: 3000
Sat, 20 Jul 2019 07:45:50 GMT - Info - Server is running on port: 3000
Sat, 20 Jul 2019 09:26:05 GMT - Info - Server is running on port: 3000
Sat, 20 Jul 2019 09:48:36 GMT - Info - Server is running on port: 3000
Sat, 20 Jul 2019 11:03:30 GMT - Info - Server is running on port: 3000
Sat, 20 Jul 2019 11:06:38 GMT - Info - Server is running on port: 3000
Sat, 20 Jul 2019 11:14:15 GMT - Info - Server is running on port: 3000
Sat, 20 Jul 2019 11:53:51 GMT - Info - Server is running on port: 3000
Sat, 20 Jul 2019 12:02:01 GMT - Info - Server is running on port: 3000
Sat, 20 Jul 2019 12:13:18 GMT - Info - Server is running on port: 3000
Sat, 20 Jul 2019 14:29:55 GMT - Info - Server is running on port: 3000
Sat, 20 Jul 2019 14:40:22 GMT - Info - Server is running on port: 3000
Sat, 20 Jul 2019 14:42:04 GMT - Info - Server is running on port: 3000
Sat, 20 Jul 2019 14:42:08 GMT - Info - Server is running on port: 3000
Sat, 20 Jul 2019 14:44:34 GMT - Info - Server is running on port: 3000
Sat, 20 Jul 2019 14:50:21 GMT - Info - Server is running on port: 3000
Sat, 20 Jul 2019 14:51:27 GMT - Info - Server is running on port: 3000
Sat, 20 Jul 2019 14:53:59 GMT - Info - Server is running on port: 3000
Sat, 20 Jul 2019 14:54:02 GMT - Info - Server is running on port: 3000
Sat, 20 Jul 2019 19:36:12 GMT - Info - Server is running on port: 3000
Sat, 20 Jul 2019 19:38:03 GMT - Info - Server is running on port: 3000
Sat, 20 Jul 2019 19:40:28 GMT - Info - Server is running on port: 3000
Sat, 20 Jul 2019 19:42:21 GMT - Info - Server is running on port: 3000
Sat, 20 Jul 2019 19:44:09 GMT - Info - Server is running on port: 3000
Sun, 21 Jul 2019 04:50:40 GMT - Info - Server is running on port: 3000
Sun, 21 Jul 2019 04:54:43 GMT - Info - Server is running on port: 3000
Sun, 21 Jul 2019 05:13:53 GMT - Info - Server is running on port: 3000
Sun, 21 Jul 2019 05:15:43 GMT - Info - Server is running on port: 3000
Sun, 21 Jul 2019 05:25:03 GMT - Info - Server is running on port: 3000
Sun, 21 Jul 2019 05:27:24 GMT - Info - Server is running on port: 3000
Sun, 21 Jul 2019 05:27:44 GMT - Info - Server is running on port: 3000
Sun, 21 Jul 2019 05:30:43 GMT - Info - Server is running on port: 3000
Sun, 21 Jul 2019 05:31:54 GMT - Info - Server is running on port: 3000
Sun, 21 Jul 2019 05:34:43 GMT - Info - Server is running on port: 3000
Sun, 21 Jul 2019 05:35:36 GMT - Info - Server is running on port: 3000
Sun, 21 Jul 2019 05:41:08 GMT - Info - Server is running on port: 3000
Sun, 21 Jul 2019 05:41:41 GMT - Info - Server is running on port: 3000
Sun, 21 Jul 2019 05:41:45 GMT - Info - Server is running on port: 3000
Sun, 21 Jul 2019 05:42:04 GMT - Info - Server is running on port: 3000
Sun, 21 Jul 2019 05:43:17 GMT - Info - Server is running on port: 3000
Sun, 21 Jul 2019 05:47:08 GMT - Info - Server is running on port: 3000
Sun, 21 Jul 2019 05:47:26 GMT - Info - Server is running on port: 3000
Sun, 21 Jul 2019 05:47:33 GMT - Info - Server is running on port: 3000
Sun, 21 Jul 2019 05:47:57 GMT - Info - Server is running on port: 3000
Sun, 21 Jul 2019 05:48:09 GMT - Info - Server is running on port: 3000
Sun, 21 Jul 2019 05:49:10 GMT - Info - Server is running on port: 3000
Sun, 21 Jul 2019 05:49:13 GMT - Info - Server is running on port: 3000
Sun, 21 Jul 2019 05:51:46 GMT - Info - Server is running on port: 3000
Sun, 21 Jul 2019 05:52:05 GMT - Info - Server is running on port: 3000
Sun, 21 Jul 2019 05:52:14 GMT - Info - Server is running on port: 3000
Sun, 21 Jul 2019 05:54:21 GMT - Info - Server is running on port: 3000
Sun, 21 Jul 2019 05:54:29 GMT - Info - Server is running on port: 3000
Sun, 21 Jul 2019 05:55:55 GMT - Info - Server is running on port: 3000
Sun, 21 Jul 2019 05:55:57 GMT - Info - Server is running on port: 3000
Sun, 21 Jul 2019 05:56:05 GMT - Info - Server is running on port: 3000
Sun, 21 Jul 2019 05:57:59 GMT - Info - Server is running on port: 3000
Sun, 21 Jul 2019 06:03:58 GMT - Info - Server is running on port: 3000
Sun, 21 Jul 2019 06:04:03 GMT - Info - Server is running on port: 3000
Sun, 21 Jul 2019 06:06:01 GMT - Info - Server is running on port: 3000
Sun, 21 Jul 2019 06:06:13 GMT - Info - Server is running on port: 3000
Sun, 21 Jul 2019 06:06:16 GMT - Info - Server is running on port: 3000
Sun, 21 Jul 2019 06:08:12 GMT - Info - Server is running on port: 3000
Sun, 21 Jul 2019 06:08:15 GMT - Info - Server is running on port: 3000
Sun, 21 Jul 2019 06:09:31 GMT - Info - Server is running on port: 3000
Sun, 21 Jul 2019 06:25:44 GMT - Info - Server is running on port: 3000
Sun, 21 Jul 2019 06:49:43 GMT - Info - Server is running on port: 3000
Sun, 21 Jul 2019 07:10:18 GMT - Info - Server is running on port: 3000
Sun, 21 Jul 2019 07:10:20 GMT - Info - Server is running on port: 3000
Sun, 21 Jul 2019 07:44:40 GMT - Info - Server is running on port: 3000
Sun, 21 Jul 2019 08:03:47 GMT - Info - Server is running on port: 3000
Sun, 21 Jul 2019 08:04:58 GMT - Info - Server is running on port: 3000
Sun, 21 Jul 2019 08:05:46 GMT - Info - Server is running on port: 3000
Sun, 21 Jul 2019 08:07:41 GMT - Info - Server is running on port: 3000
Sun, 21 Jul 2019 08:08:56 GMT - Info - Server is running on port: 3000
Sun, 21 Jul 2019 08:10:05 GMT - Info - Server is running on port: 3000
Sun, 21 Jul 2019 08:12:42 GMT - Info - Server is running on port: 3000
Sun, 21 Jul 2019 08:15:43 GMT - Info - Server is running on port: 3000
Sun, 21 Jul 2019 08:16:21 GMT - Info - Server is running on port: 3000
Sun, 21 Jul 2019 08:24:21 GMT - Info - Server is running on port: 3000
Sun, 21 Jul 2019 08:26:43 GMT - Info - Server is running on port: 3000
Sun, 21 Jul 2019 08:28:27 GMT - Info - Server is running on port: 3000
Sun, 21 Jul 2019 08:40:07 GMT - Info - Server is running on port: 3000
Sun, 21 Jul 2019 08:40:41 GMT - Info - Server is running on port: 3000
Sun, 21 Jul 2019 08:42:40 GMT - Info - Server is running on port: 3000
Sun, 21 Jul 2019 08:42:43 GMT - Info - Server is running on port: 3000
Sun, 21 Jul 2019 08:46:38 GMT - Info - Server is running on port: 3000
Sun, 21 Jul 2019 09:02:59 GMT - Info - Server is running on port: 3000
Sun, 21 Jul 2019 09:03:44 GMT - Info - Server is running on port: 3000
Sun, 21 Jul 2019 09:21:14 GMT - Info - Server is running on port: 3000
Sun, 21 Jul 2019 09:21:17 GMT - Info - Server is running on port: 3000
Sun, 21 Jul 2019 09:22:27 GMT - Info - Server is running on port: 3000
Sun, 21 Jul 2019 09:22:40 GMT - Info - Server is running on port: 3000
Sun, 21 Jul 2019 09:28:28 GMT - Info - Server is running on port: 3000
Sun, 21 Jul 2019 09:47:08 GMT - Info - Server is running on port: 3000
Sun, 21 Jul 2019 09:47:47 GMT - Info - Server is running on port: 3000
Sun, 21 Jul 2019 09:48:51 GMT - Info - Server is running on port: 3000
Sun, 21 Jul 2019 09:55:32 GMT - Info - Server is running on port: 3000
Sun, 21 Jul 2019 11:21:42 GMT - Info - Server is running on port: 3000
Sun, 21 Jul 2019 11:23:28 GMT - Info - Server is running on port: 3000
Sun, 21 Jul 2019 11:43:57 GMT - Info - Server is running on port: 3000
Sun, 21 Jul 2019 12:16:12 GMT - Info - Server is running on port: 3000
Sun, 21 Jul 2019 12:26:24 GMT - Info - Server is running on port: 3000
Sun, 21 Jul 2019 12:32:03 GMT - Info - Server is running on port: 3000
Sun, 21 Jul 2019 13:39:31 GMT - Info - Server is running on port: 3000
Sun, 21 Jul 2019 14:29:31 GMT - Info - Server is running on port: 3000
Sun, 21 Jul 2019 17:24:52 GMT - Info - Server is running on port: 3000
Sun, 21 Jul 2019 17:59:47 GMT - Info - Server is running on port: 3000
Sun, 21 Jul 2019 18:50:20 GMT - Info - Server is running on port: 3000
Mon, 22 Jul 2019 03:47:36 GMT - Info - Server is running on port: 3000
Mon, 22 Jul 2019 05:38:44 GMT - Info - Server is running on port: 3000
Mon, 22 Jul 2019 06:10:53 GMT - Info - Server is running on port: 3000
Mon, 22 Jul 2019 06:11:24 GMT - Info - Server is running on port: 3000
Mon, 22 Jul 2019 06:13:24 GMT - Info - Server is running on port: 3000
Mon, 22 Jul 2019 07:41:01 GMT - Info - Server is running on port: 3000
Mon, 22 Jul 2019 07:45:22 GMT - Info - Server is running on port: 3000
Mon, 22 Jul 2019 09:51:46 GMT - Info - Server is running on port: 3000
Mon, 22 Jul 2019 15:06:47 GMT - Info - Server is running on port: 3000
Tue, 23 Jul 2019 06:54:32 GMT - Info - Server is running on port: 3000
Tue, 23 Jul 2019 07:18:08 GMT - Info - Server is running on port: 3000
Tue, 23 Jul 2019 08:18:37 GMT - Info - Server is running on port: 3000
Tue, 23 Jul 2019 11:00:37 GMT - Info - Server is running on port: 3000
Tue, 23 Jul 2019 11:51:40 GMT - Info - Server is running on port: 3000
Tue, 23 Jul 2019 13:32:50 GMT - Info - Server is running on port: 3000
Wed, 24 Jul 2019 05:22:22 GMT - Info - Server is running on port: 3000
Wed, 24 Jul 2019 05:28:39 GMT - Info - Server is running on port: 3000
Wed, 24 Jul 2019 05:35:01 GMT - Info - Server is running on port: 3000
Wed, 24 Jul 2019 11:00:08 GMT - Info - Server is running on port: 3000
Wed, 24 Jul 2019 13:18:53 GMT - Info - Server is running on port: 3000
Wed, 24 Jul 2019 13:37:06 GMT - Info - Server is running on port: 3000
Wed, 24 Jul 2019 13:40:00 GMT - Info - Server is running on port: 3000
Wed, 24 Jul 2019 13:40:10 GMT - Info - Server is running on port: 3000
Wed, 24 Jul 2019 13:57:40 GMT - Info - Server is running on port: 3000
Wed, 24 Jul 2019 13:58:42 GMT - Info - Server is running on port: 3000
Wed, 24 Jul 2019 14:01:41 GMT - Info - Server is running on port: 3000
Wed, 24 Jul 2019 14:06:56 GMT - Info - Server is running on port: 3000
Wed, 24 Jul 2019 14:08:20 GMT - Info - Server is running on port: 3000
Wed, 24 Jul 2019 14:23:16 GMT - Info - Server is running on port: 3000
Wed, 24 Jul 2019 14:25:50 GMT - Info - Server is running on port: 3000
Wed, 24 Jul 2019 14:31:07 GMT - Info - Server is running on port: 3000
Wed, 24 Jul 2019 14:42:41 GMT - Info - Server is running on port: 3000
Wed, 24 Jul 2019 14:45:51 GMT - Info - Server is running on port: 3000
Wed, 24 Jul 2019 14:45:57 GMT - Info - Server is running on port: 3000
Wed, 24 Jul 2019 16:29:13 GMT - Info - Server is running on port: 3000
Wed, 24 Jul 2019 18:00:20 GMT - Info - Server is running on port: 3000
Wed, 24 Jul 2019 18:47:32 GMT - Info - Server is running on port: 3000
Wed, 24 Jul 2019 19:23:17 GMT - Info - Server is running on port: 3000
Thu, 25 Jul 2019 03:54:40 GMT - Info - Server is running on port: 3000
Thu, 25 Jul 2019 04:47:58 GMT - Info - Server is running on port: 3000
Thu, 25 Jul 2019 05:14:27 GMT - Info - Server is running on port: 3000
Thu, 25 Jul 2019 19:52:30 GMT - Info - Server is running on port: 3000
Thu, 25 Jul 2019 20:39:08 GMT - Info - Server is running on port: 3000
Thu, 25 Jul 2019 21:24:12 GMT - Info - Server is running on port: 3000
Thu, 25 Jul 2019 21:36:41 GMT - Info - Server is running on port: 3000
Thu, 25 Jul 2019 21:39:52 GMT - Info - Server is running on port: 3000
Fri, 26 Jul 2019 07:10:52 GMT - Info - Server is running on port: 3000
Fri, 26 Jul 2019 07:48:38 GMT - Info - Server is running on port: 3000
Fri, 26 Jul 2019 07:49:06 GMT - Info - Server is running on port: 3000
Fri, 26 Jul 2019 08:12:45 GMT - Info - Server is running on port: 3000
Fri, 26 Jul 2019 09:09:49 GMT - Info - Server is running on port: 3000